(in /root/Cronjob_for_birthday_Email)
(in /root/Cronjob_for_birthday_Email)
(in /root/Cronjob_for_birthday_Email)
(in /root/Cronjob_for_birthday_Email)
(in /root/Cronjob_for_birthday_Email)
(in /root/Cronjob_for_birthday_Email)
(in /root/Cronjob_for_birthday_Email)
(in /root/Cronjob_for_birthday_Email)
rake aborted!
Can't connect to local MySQL server through socket '/var/run/mysqld/mysqld.sock' (2)

(See full trace by running task with --trace)
(in /root/Cronjob_for_birthday_Email)
rake aborted!
Can't connect to local MySQL server through socket '/var/run/mysqld/mysqld.sock' (2)

(See full trace by running task with --trace)
(in /root/Cronjob_for_birthday_Email)
rake aborted!
Can't connect to local MySQL server through socket '/var/run/mysqld/mysqld.sock' (2)

(See full trace by running task with --trace)
(in /root/Cronjob_for_birthday_Email)
(in /root/Cronjob_for_birthday_Email)
(in /root/Cronjob_for_birthday_Email)
(in /root/Cronjob_for_birthday_Email)
(in /root/Cronjob_for_birthday_Email)
(in /root/Cronjob_for_birthday_Email)
(in /root/Cronjob_for_birthday_Email)
(in /root/Cronjob_for_birthday_Email)
(in /root/Cronjob_for_birthday_Email)
(in /root/Cronjob_for_birthday_Email)
(in /root/Cronjob_for_birthday_Email)
(in /root/Cronjob_for_birthday_Email)
(in /root/Cronjob_for_birthday_Email)
rake aborted!
Can't connect to local MySQL server through socket '/var/run/mysqld/mysqld.sock' (2)

(See full trace by running task with --trace)
(in /root/Cronjob_for_birthday_Email)
(in /root/Cronjob_for_birthday_Email)
(in /root/Cronjob_for_birthday_Email)
(in /root/Cronjob_for_birthday_Email)
(in /root/Cronjob_for_birthday_Email)
(in /root/Cronjob_for_birthday_Email)
(in /root/Cronjob_for_birthday_Email)
(in /root/Cronjob_for_birthday_Email)
(in /root/Cronjob_for_birthday_Email)
(in /root/Cronjob_for_birthday_Email)
(in /root/Cronjob_for_birthday_Email)
(in /root/Cronjob_for_birthday_Email)
(in /root/Cronjob_for_birthday_Email)
(in /root/Cronjob_for_birthday_Email)
(in /root/Cronjob_for_birthday_Email)
(in /root/Cronjob_for_birthday_Email)
(in /root/Cronjob_for_birthday_Email)
(in /root/Cronjob_for_birthday_Email)
(in /root/Cronjob_for_birthday_Email)
(in /root/Cronjob_for_birthday_Email)
rake aborted!
Mysql::Error: Got error 28 from storage engine: SHOW FIELDS FROM `users`

(See full trace by running task with --trace)
(in /root/Cronjob_for_birthday_Email)
rake aborted!
Mysql::Error: Got error 28 from storage engine: SHOW FIELDS FROM `users`

(See full trace by running task with --trace)
(in /root/Cronjob_for_birthday_Email)
(in /root/Cronjob_for_birthday_Email)
(in /root/Cronjob_for_birthday_Email)
(in /root/Cronjob_for_birthday_Email)
(in /root/Cronjob_for_birthday_Email)
(in /root/Cronjob_for_birthday_Email)
(in /root/Cronjob_for_birthday_Email)
(in /root/Cronjob_for_birthday_Email)
(in /root/Cronjob_for_birthday_Email)
(in /root/Cronjob_for_birthday_Email)
(in /root/Cronjob_for_birthday_Email)
(in /root/Cronjob_for_birthday_Email)
(in /root/Cronjob_for_birthday_Email)
(in /root/Cronjob_for_birthday_Email)
(in /root/Cronjob_for_birthday_Email)
(in /root/Cronjob_for_birthday_Email)
(in /root/Cronjob_for_birthday_Email)
(in /root/Cronjob_for_birthday_Email)
(in /root/Cronjob_for_birthday_Email)
(in /root/Cronjob_for_birthday_Email)
(in /root/Cronjob_for_birthday_Email)
(in /root/Cronjob_for_birthday_Email)
(in /root/Cronjob_for_birthday_Email)
(in /root/Cronjob_for_birthday_Email)
(in /root/Cronjob_for_birthday_Email)
(in /root/Cronjob_for_birthday_Email)
(in /root/Cronjob_for_birthday_Email)
(in /root/Cronjob_for_birthday_Email)
(in /root/Cronjob_for_birthday_Email)
(in /root/Cronjob_for_birthday_Email)
(in /root/Cronjob_for_birthday_Email)
(in /root/Cronjob_for_birthday_Email)
(in /root/Cronjob_for_birthday_Email)
(in /root/Cronjob_for_birthday_Email)
(in /root/Cronjob_for_birthday_Email)
(in /root/Cronjob_for_birthday_Email)
(in /root/Cronjob_for_birthday_Email)
